[2026-05-24T08:37:36.932Z] GET http://localhost:3000/admin → 307 (12ms, ?B)
[2026-05-24T08:37:36.944Z] GET https://becoming-labrador-2.clerk.accounts.dev/v1/client/handshake?redirect_url=http%3A%2F%2Flocalhost%3A3000%2Fadmin&__clerk_api_version=2025-11-10&suffixed_cookies=false&__clerk_hs_reason=dev-browser-missing&format=nonce → pending (?ms, ?B)
[2026-05-24T08:37:37.220Z] GET http://localhost:3000/admin?__clerk_handshake=eyJhbGciOiJSUzI1NiIsImNhdCI6ImNsX0I3ZDRQRDExMUFBQSIsImtpZCI6Imluc18zRGFtSWFCWkhLYnB5YmZzelVBSFl2QmtucW8iLCJ0eXAiOiJKV1QifQ.eyJoYW5kc2hha2UiOlsiX19jbGllbnRfdWF0PTsgUGF0aD0vOyBFeHBpcmVzPVRodSwgMDEgSmFuIDE5NzAgMDA6MDA6MDAgR01UOyBTYW1lU2l0ZT1Ob25lIiwiX19jbGllbnRfdWF0PTA7IFBhdGg9LzsgRG9tYWluPWxvY2FsaG9zdDsgTWF4LUFnZT0zMTUzNjAwMDA7IFNhbWVTaXRlPU5vbmUiLCJfX3Nlc3Npb249OyBQYXRoPS87IEV4cGlyZXM9VGh1LCAwMSBKYW4gMTk3MCAwMDowMDowMCBHTVQ7IFNhbWVTaXRlPU5vbmUiLCJfX2NsZXJrX2RiX2p3dD1kdmJfM0VBQ0NIcWNldmowcnBNMUw5OGo1RFFHOGZBOyBQYXRoPS87IEV4cGlyZXM9TW9uLCAyNCBNYXkgMjAyNyAwODozNzozNyBHTVQ7IFNhbWVTaXRlPU5vbmUiXX0.xkeoODmNav1hLxkyuMbWWM9aoV-Ym5D3isbbk_NEX7K9y6ZTjh31R6GwjLVamXqeI_uPdBg1kZxRdkEMgRR4YLFbf23315i6V3EC0Hx_PZZxEDDI25SQWjfsVLDz8hXWQKqv445vgfIiki5xKU_Gz26A6KX5iT_xMDdvJKEhSVCu0w7oNY6uRfFVYClOqzIgXUyZeJcL0dTE8-Q0tG7_jcf7b8HWOzaInW-boRAzUYwNqqrYFHl4kOwWo8kb_3W_ZpU14Qb-Qh9EaQevHpWzQiagyo3C8xHFDVcVxhakNlFTdaqOu0VQp6zyjNQMMmOK1-AtTabG8E1M7FYNSGjTEg → 307 (374ms, ?B)
[2026-05-24T08:37:37.595Z] GET http://localhost:3000/admin → 307 (10ms, ?B)
[2026-05-24T08:37:37.606Z] GET https://becoming-labrador-2.clerk.accounts.dev/v1/client/handshake?redirect_url=http%3A%2F%2Flocalhost%3A3000%2Fadmin&__clerk_api_version=2025-11-10&suffixed_cookies=false&__clerk_hs_reason=dev-browser-missing&format=nonce → 307 (106ms, ?B)
[2026-05-24T08:37:37.712Z] GET http://localhost:3000/admin?__clerk_handshake=eyJhbGciOiJSUzI1NiIsImNhdCI6ImNsX0I3ZDRQRDExMUFBQSIsImtpZCI6Imluc18zRGFtSWFCWkhLYnB5YmZzelVBSFl2QmtucW8iLCJ0eXAiOiJKV1QifQ.eyJoYW5kc2hha2UiOlsiX19jbGllbnRfdWF0PTsgUGF0aD0vOyBFeHBpcmVzPVRodSwgMDEgSmFuIDE5NzAgMDA6MDA6MDAgR01UOyBTYW1lU2l0ZT1Ob25lIiwiX19jbGllbnRfdWF0PTA7IFBhdGg9LzsgRG9tYWluPWxvY2FsaG9zdDsgTWF4LUFnZT0zMTUzNjAwMDA7IFNhbWVTaXRlPU5vbmUiLCJfX3Nlc3Npb249OyBQYXRoPS87IEV4cGlyZXM9VGh1LCAwMSBKYW4gMTk3MCAwMDowMDowMCBHTVQ7IFNhbWVTaXRlPU5vbmUiLCJfX2NsZXJrX2RiX2p3dD1kdmJfM0VBQ0NKMWlYZEZFM2lwQkhweGVwMnM3Y2dqOyBQYXRoPS87IEV4cGlyZXM9TW9uLCAyNCBNYXkgMjAyNyAwODozNzozNyBHTVQ7IFNhbWVTaXRlPU5vbmUiXX0.a4gHLoVxdIEtmINu3__32R4ojpomyNAFdRHxsg5j9cHk-fSnms0ombE3pj2DfNvfWjq7QSm8bJuZlmWb5t7NBsYHS6gcmI0hF_SP0tn4c7ZJo4gA9g8jzWLBAp5w585QyL_fLFbWN4KdfvvKzTX81RtHGKtjPpZ_xhfaALAxrO5zOsTHqjMLxzYgaC9qAmeCzvwmKAGjtCKlEPSA7qi7CpSbiggTgIWGQA_tVtyrjJGX1lyZRLLQlhPd-CqMD1bLO6tLaF_Fa6iEwUQJtRiwn-SwVLYbB0c9tpIpprIAMxOUov96dH5JLwq0fowDZ3P6QWAZw_-gz7Oo8bS6p9jMGw → 307 (10ms, ?B)
[2026-05-24T08:37:37.722Z] GET http://localhost:3000/admin → 307 (7ms, ?B)
[2026-05-24T08:37:37.729Z] GET https://becoming-labrador-2.clerk.accounts.dev/v1/client/handshake?redirect_url=http%3A%2F%2Flocalhost%3A3000%2Fadmin&__clerk_api_version=2025-11-10&suffixed_cookies=false&__clerk_hs_reason=dev-browser-missing&format=nonce → 307 (107ms, ?B)
[2026-05-24T08:37:37.836Z] GET http://localhost:3000/admin?__clerk_handshake=eyJhbGciOiJSUzI1NiIsImNhdCI6ImNsX0I3ZDRQRDExMUFBQSIsImtpZCI6Imluc18zRGFtSWFCWkhLYnB5YmZzelVBSFl2QmtucW8iLCJ0eXAiOiJKV1QifQ.eyJoYW5kc2hha2UiOlsiX19jbGllbnRfdWF0PTsgUGF0aD0vOyBFeHBpcmVzPVRodSwgMDEgSmFuIDE5NzAgMDA6MDA6MDAgR01UOyBTYW1lU2l0ZT1Ob25lIiwiX19jbGllbnRfdWF0PTA7IFBhdGg9LzsgRG9tYWluPWxvY2FsaG9zdDsgTWF4LUFnZT0zMTUzNjAwMDA7IFNhbWVTaXRlPU5vbmUiLCJfX3Nlc3Npb249OyBQYXRoPS87IEV4cGlyZXM9VGh1LCAwMSBKYW4gMTk3MCAwMDowMDowMCBHTVQ7IFNhbWVTaXRlPU5vbmUiLCJfX2NsZXJrX2RiX2p3dD1kdmJfM0VBQ0NHS2YxOXNPWjZjTERaMEFwS24wNlBrOyBQYXRoPS87IEV4cGlyZXM9TW9uLCAyNCBNYXkgMjAyNyAwODozNzozNyBHTVQ7IFNhbWVTaXRlPU5vbmUiXX0.sGvON9ovDftE9olCD6rqVmOAITQq1M5IMQdh6d5LZBCYXVopeqW8d2bjnEc8rp0I-s9X0jZggWjt-g0709Qnf-VMJoL862vwnvh-JDTDHVxkDJj4zJtt8x54T1DEGle-14UM9fSDnJl7kYk5ame_Sq1mUoSvRsDpsd6bG4yvb9F9rMe1Pa0hqmTA137Qn3XqA7o9IRdmCtyKDoRk6qMbgcU_RTsaEnkusdJu1lwiZ3G8Z6Ur4CVteX24DxDH40FqQc878LQOvDm7mCRpOEJ-SFQa3j2BtIka8nx-En76Xwfy2hqDj0A4cPt-ogP5Y3fyh8nwzi8TI_-EViJ190jk7A → 307 (9ms, ?B)
[2026-05-24T08:37:37.845Z] GET http://localhost:3000/admin → pending (?ms, ?B)
[2026-05-24T08:37:47.160Z] GET http://localhost:3000/admin/login → 307 (7ms, ?B)
[2026-05-24T08:37:47.167Z] GET https://becoming-labrador-2.clerk.accounts.dev/v1/client/handshake?redirect_url=http%3A%2F%2Flocalhost%3A3000%2Fadmin%2Flogin&__clerk_api_version=2025-11-10&suffixed_cookies=false&__clerk_hs_reason=dev-browser-missing&format=nonce → 307 (116ms, ?B)
[2026-05-24T08:37:47.283Z] GET http://localhost:3000/admin/login?__clerk_handshake=eyJhbGciOiJSUzI1NiIsImNhdCI6ImNsX0I3ZDRQRDExMUFBQSIsImtpZCI6Imluc18zRGFtSWFCWkhLYnB5YmZzelVBSFl2QmtucW8iLCJ0eXAiOiJKV1QifQ.eyJoYW5kc2hha2UiOlsiX19jbGllbnRfdWF0PTsgUGF0aD0vOyBFeHBpcmVzPVRodSwgMDEgSmFuIDE5NzAgMDA6MDA6MDAgR01UOyBTYW1lU2l0ZT1Ob25lIiwiX19jbGllbnRfdWF0PTA7IFBhdGg9LzsgRG9tYWluPWxvY2FsaG9zdDsgTWF4LUFnZT0zMTUzNjAwMDA7IFNhbWVTaXRlPU5vbmUiLCJfX3Nlc3Npb249OyBQYXRoPS87IEV4cGlyZXM9VGh1LCAwMSBKYW4gMTk3MCAwMDowMDowMCBHTVQ7IFNhbWVTaXRlPU5vbmUiLCJfX2NsZXJrX2RiX2p3dD1kdmJfM0VBQ0RWVzZxbEtPVVM1NzJVcUpsQVhTczZiOyBQYXRoPS87IEV4cGlyZXM9TW9uLCAyNCBNYXkgMjAyNyAwODozNzo0NyBHTVQ7IFNhbWVTaXRlPU5vbmUiXX0.jx57YQfELAi3HiPqwlsAVeWkS5wIe4hjltzdZCUg-jRXkR0494iAESZq3omMx6YoCT-kmHBgkgUIQAQYAeDN7KgnqyWZa2C15ov4KMUf6_mI5agQj6qx4sExAPn3cPdXhhMeMXkvgW3zjjRrsVOFlYb1JqbGnNkS6HAB28RYwuFdKtgSPpdjzp2Lx_G8Ou77wxDi9sCJr9Vis0IEBurDQp6jRaOSYQb_koLHyYPo50uXYjHZZF5b2Lsmzaii-3yXpga3e7DHg_PrjoyyQctD37u14BkT2KEiSBnMrbC2Swaq1RZp21E9TO_pBEHupbwB4Dwc0z-ARqO-e6y26pZ0_Q → 307 (7ms, ?B)
[2026-05-24T08:37:47.291Z] GET http://localhost:3000/admin/login → 307 (9ms, ?B)
[2026-05-24T08:37:47.300Z] GET https://becoming-labrador-2.clerk.accounts.dev/v1/client/handshake?redirect_url=http%3A%2F%2Flocalhost%3A3000%2Fadmin%2Flogin&__clerk_api_version=2025-11-10&suffixed_cookies=false&__clerk_hs_reason=dev-browser-missing&format=nonce → 307 (109ms, ?B)
[2026-05-24T08:37:47.410Z] GET http://localhost:3000/admin/login?__clerk_handshake=eyJhbGciOiJSUzI1NiIsImNhdCI6ImNsX0I3ZDRQRDExMUFBQSIsImtpZCI6Imluc18zRGFtSWFCWkhLYnB5YmZzelVBSFl2QmtucW8iLCJ0eXAiOiJKV1QifQ.eyJoYW5kc2hha2UiOlsiX19jbGllbnRfdWF0PTsgUGF0aD0vOyBFeHBpcmVzPVRodSwgMDEgSmFuIDE5NzAgMDA6MDA6MDAgR01UOyBTYW1lU2l0ZT1Ob25lIiwiX19jbGllbnRfdWF0PTA7IFBhdGg9LzsgRG9tYWluPWxvY2FsaG9zdDsgTWF4LUFnZT0zMTUzNjAwMDA7IFNhbWVTaXRlPU5vbmUiLCJfX3Nlc3Npb249OyBQYXRoPS87IEV4cGlyZXM9VGh1LCAwMSBKYW4gMTk3MCAwMDowMDowMCBHTVQ7IFNhbWVTaXRlPU5vbmUiLCJfX2NsZXJrX2RiX2p3dD1kdmJfM0VBQ0RYQU5RNm4yWk92ZHpJSFRKSnFSM2JlOyBQYXRoPS87IEV4cGlyZXM9TW9uLCAyNCBNYXkgMjAyNyAwODozNzo0NyBHTVQ7IFNhbWVTaXRlPU5vbmUiXX0.RehGTSMLakn6bAQV2QpoRt0u6gAP607zoUaYWGAUvfG7dlj8gy5Rtudulz3GNukASDDefQZX-zfocWpgfwL_1yfIi-scmywIr1i3gAH6gHE5vm3ifDmdXfSSQ_8jMP2z2usSEXXEx4ODWsT67rCt2HFThncjB3iRfPxYNVQmtqCR25LvXgNjfMTIbazeSN0c9QHpWazhgnxGJVjHQOeEKu9WLDms8D51Fb0j0idbOVtuDiSNo17_YpIcjii5uDbuP6tdAZMkEd8Qz5HfHWLbu1LjxWgOlbq2OQJ63L8LuBxRU99G3-2-TjO0h7jt73VQkf0B5XtnTlgSwhBsQKZtkg → 307 (6ms, ?B)
[2026-05-24T08:37:47.416Z] GET http://localhost:3000/admin/login → 307 (6ms, ?B)
[2026-05-24T08:37:47.422Z] GET https://becoming-labrador-2.clerk.accounts.dev/v1/client/handshake?redirect_url=http%3A%2F%2Flocalhost%3A3000%2Fadmin%2Flogin&__clerk_api_version=2025-11-10&suffixed_cookies=false&__clerk_hs_reason=dev-browser-missing&format=nonce → 307 (110ms, ?B)
[2026-05-24T08:37:47.532Z] GET http://localhost:3000/admin/login?__clerk_handshake=eyJhbGciOiJSUzI1NiIsImNhdCI6ImNsX0I3ZDRQRDExMUFBQSIsImtpZCI6Imluc18zRGFtSWFCWkhLYnB5YmZzelVBSFl2QmtucW8iLCJ0eXAiOiJKV1QifQ.eyJoYW5kc2hha2UiOlsiX19jbGllbnRfdWF0PTsgUGF0aD0vOyBFeHBpcmVzPVRodSwgMDEgSmFuIDE5NzAgMDA6MDA6MDAgR01UOyBTYW1lU2l0ZT1Ob25lIiwiX19jbGllbnRfdWF0PTA7IFBhdGg9LzsgRG9tYWluPWxvY2FsaG9zdDsgTWF4LUFnZT0zMTUzNjAwMDA7IFNhbWVTaXRlPU5vbmUiLCJfX3Nlc3Npb249OyBQYXRoPS87IEV4cGlyZXM9VGh1LCAwMSBKYW4gMTk3MCAwMDowMDowMCBHTVQ7IFNhbWVTaXRlPU5vbmUiLCJfX2NsZXJrX2RiX2p3dD1kdmJfM0VBQ0RYVXRxbzQ4b2VRdzdXNml0eEJHRDJqOyBQYXRoPS87IEV4cGlyZXM9TW9uLCAyNCBNYXkgMjAyNyAwODozNzo0NyBHTVQ7IFNhbWVTaXRlPU5vbmUiXX0.kN2OCTrnjsNB5YiCUC6IzdwcAD6hp9K9JvZq1_1V3FRVcNn6DuSzpWxKHIgCazZvvGaou6qnlA19vBzsnTyYAMMPqPg42UZKb8ywpG3s2CTE-n6FxTU_hjv0GG92XslmpnzBIu-DlqxwQlyjVnzW31WONwEGCi7mGVhF_nuetrWZSSEtcEykVIvIfh6Zufsdtn7EWh1me5djxKXS1Pt-lVP-k7kxeiLO0AeodnH8vRgN9SzgYjVNFBCy_kicQnh5qxQQd5hc3XnW9avb_Y0rfNoGqLFGIA4ABoF8JU4QiaP622vtWDivPtQ0mzbmpCXgB_VWJKcVIwnuvAuBRZncpA → 307 (14ms, ?B)
[2026-05-24T08:37:47.546Z] GET http://localhost:3000/admin/login → pending (?ms, ?B)
[2026-05-24T08:37:48.306Z] GET http://localhost:3000/_next/static/media/5a5e1de964942591-s.p.woff2 → 200 (24ms, 17088B)
[2026-05-24T08:37:48.306Z] GET http://localhost:3000/_next/static/media/636a5ac981f94f8b-s.p.woff2 → 200 (23ms, 27272B)
[2026-05-24T08:37:48.306Z] GET http://localhost:3000/_next/static/media/caaf09c89b54c653-s.p.woff2 → 200 (24ms, 17112B)
[2026-05-24T08:37:48.306Z] GET http://localhost:3000/_next/static/media/e8cfe0f11c4b6887-s.p.woff2 → 200 (24ms, 17076B)
[2026-05-24T08:37:48.306Z] GET http://localhost:3000/_next/static/media/f95a7a08d15942d0-s.p.woff2 → 200 (48ms, 17068B)
[2026-05-24T08:37:48.306Z] GET http://localhost:3000/_next/static/css/app/layout.css?v=1779611868148 → 200 (24ms, 75829B)
[2026-05-24T08:37:48.306Z] GET http://localhost:3000/_next/static/chunks/webpack.js?v=1779611868148 → 200 (49ms, 140816B)
[2026-05-24T08:37:48.306Z] GET http://localhost:3000/_next/static/chunks/main-app.js?v=1779611868148 → 200 (155ms, 7609170B)
[2026-05-24T08:37:48.307Z] GET http://localhost:3000/_next/static/chunks/app-pages-internals.js → 200 (49ms, 248753B)
[2026-05-24T08:37:48.307Z] GET http://localhost:3000/_next/static/chunks/app/admin/login/page.js → 200 (49ms, 470613B)
[2026-05-24T08:37:48.307Z] GET http://localhost:3000/_next/static/chunks/app/layout.js → 200 (90ms, 3352276B)
[2026-05-24T08:37:48.307Z] GET https://becoming-labrador-2.clerk.accounts.dev/npm/@clerk/clerk-js@6/dist/clerk.browser.js → 307 (133ms, ?B)
[2026-05-24T08:37:48.307Z] GET https://becoming-labrador-2.clerk.accounts.dev/npm/@clerk/ui@1/dist/ui.browser.js → 307 (133ms, ?B)
[2026-05-24T08:37:48.440Z] GET https://becoming-labrador-2.clerk.accounts.dev/npm/@clerk/ui@1.13.0/dist/ui.browser.js → 200 (256ms, 133147B)
[2026-05-24T08:37:48.440Z] GET https://becoming-labrador-2.clerk.accounts.dev/npm/@clerk/clerk-js@6.12.0/dist/clerk.browser.js → 200 (256ms, 273420B)
[2026-05-24T08:37:48.905Z] GET blob:http://localhost:3000/012660d6-1170-4bf7-9bc7-fb49ba23ed90 → 200 (4ms, 555B)
[2026-05-24T08:37:48.906Z] POST https://becoming-labrador-2.clerk.accounts.dev/v1/dev_browser?__clerk_api_version=2025-11-10&_clerk_js_version=6.12.0 → 200 (144ms, 663B)
[2026-05-24T08:37:49.057Z] POST https://becoming-labrador-2.clerk.accounts.dev/v1/environment?__clerk_api_version=2025-11-10&_clerk_js_version=6.12.0&_method=PATCH&__clerk_db_jwt=dvb_3EACDnjTLWk02y9Dsbyt1hC3SqO → pending (?ms, ?B)
[2026-05-24T08:37:49.057Z] GET https://becoming-labrador-2.clerk.accounts.dev/v1/client?__clerk_api_version=2025-11-10&_clerk_js_version=6.12.0&__clerk_db_jwt=dvb_3EACDnjTLWk02y9Dsbyt1hC3SqO → pending (?ms, ?B)
[2026-05-24T08:37:49.166Z] GET blob:http://localhost:3000/924b412b-1514-443c-9a78-017cb85e74d7 → 200 (3ms, 555B)
[2026-05-24T08:37:49.166Z] GET https://becoming-labrador-2.clerk.accounts.dev/npm/@clerk/ui@1.13.0/dist/framework_ui_23a865_1.13.0.js → 200 (79ms, 132745B)
[2026-05-24T08:37:49.166Z] GET https://becoming-labrador-2.clerk.accounts.dev/npm/@clerk/ui@1.13.0/dist/ui-common_ui_23a865_1.13.0.js → 200 (73ms, 430072B)
[2026-05-24T08:37:49.169Z] POST https://clerk-telemetry.com/v1/event → 200 (463ms, ?B)
[2026-05-24T08:37:49.250Z] GET https://becoming-labrador-2.clerk.accounts.dev/npm/@clerk/ui@1.13.0/dist/vendors_ui_23a865_1.13.0.js → 200 (57ms, 175371B)
[2026-05-24T08:37:49.250Z] GET https://becoming-labrador-2.clerk.accounts.dev/npm/@clerk/ui@1.13.0/dist/subscriptionDetails_ui_23a865_1.13.0.js → 200 (50ms, 14706B)
[2026-05-24T08:37:51.635Z] POST http://localhost:3000/api/admin/login → pending (?ms, ?B)
[2026-05-24T08:37:53.203Z] GET http://localhost:3000/_next/static/webpack/508be64983f4280e.webpack.hot-update.json → 200 (45ms, 31B)
[2026-05-24T08:37:53.245Z] GET http://localhost:3000/admin?_rsc=Ej1j9mqMpbIB5o2g → 200 (70ms, 14603B)
[2026-05-24T08:37:53.248Z] GET http://localhost:3000/_next/static/webpack/webpack.508be64983f4280e.hot-update.js → 200 (10ms, 1157B)
[2026-05-24T08:37:53.321Z] GET http://localhost:3000/admin?_rsc=wXxb6gdVRxVRualR → 200 (23ms, ?B)
[2026-05-24T08:37:53.321Z] GET http://localhost:3000/_next/static/chunks/app/admin/page.js → 200 (51ms, 1892883B)
[2026-05-24T08:37:53.351Z] GET http://localhost:3000/_next/static/css/app/layout.css?v=1779611873336 → 200 (7ms, 75829B)
[2026-05-24T08:37:53.411Z] GET http://localhost:3000/api/admin/overview → pending (?ms, ?B)
[2026-05-24T08:37:53.411Z] GET http://localhost:3000/api/admin/tasks?limit=100 → pending (?ms, ?B)
[2026-05-24T08:37:53.411Z] GET http://localhost:3000/api/admin/payments → pending (?ms, ?B)
[2026-05-24T08:37:53.411Z] GET http://localhost:3000/api/admin/agents → pending (?ms, ?B)
[2026-05-24T08:37:53.411Z] GET http://localhost:3000/api/admin/overview → pending (?ms, ?B)
[2026-05-24T08:37:53.412Z] GET http://localhost:3000/api/admin/tasks?limit=100 → pending (?ms, ?B)
[2026-05-24T08:37:53.412Z] GET http://localhost:3000/api/admin/payments → pending (?ms, ?B)
[2026-05-24T08:37:53.412Z] GET http://localhost:3000/api/admin/agents → pending (?ms, ?B)
[2026-05-24T08:37:53.412Z] POST https://clerk-telemetry.com/v1/event → 200 (25ms, ?B)
[2026-05-24T08:37:54.237Z] GET http://localhost:3000/_next/static/webpack/994c3ac4506e0294.webpack.hot-update.json → pending (?ms, ?B)
[2026-05-24T08:37:55.466Z] GET http://localhost:3000/_next/static/webpack/webpack.994c3ac4506e0294.hot-update.js → 200 (21ms, 1157B)
[2026-05-24T08:37:55.488Z] GET http://localhost:3000/_next/static/webpack/b8284fc18d33bbbd.webpack.hot-update.json → 200 (5ms, 31B)
[2026-05-24T08:37:55.493Z] GET http://localhost:3000/_next/static/webpack/webpack.b8284fc18d33bbbd.hot-update.js → 200 (6ms, 1157B)
[2026-05-24T08:37:55.825Z] GET http://localhost:3000/api/a2a/agents/aside-browser → 200 (29ms, 2869B)
[2026-05-24T08:37:55.825Z] GET http://localhost:3000/api/a2a/agents/aside-browser → 200 (18ms, 2869B)
[2026-05-24T08:38:01.412Z] GET http://localhost:3000/api/admin/overview → 200 (242ms, 10490B)
[2026-05-24T08:38:01.412Z] GET http://localhost:3000/api/admin/tasks?limit=100 → 200 (329ms, 73159B)
[2026-05-24T08:38:01.412Z] GET http://localhost:3000/api/admin/payments → 200 (326ms, 43987B)
[2026-05-24T08:38:01.412Z] GET http://localhost:3000/api/admin/agents → 200 (323ms, 28322B)
[2026-05-24T08:38:09.413Z] GET http://localhost:3000/api/admin/overview → 200 (212ms, 10490B)
[2026-05-24T08:38:09.413Z] GET http://localhost:3000/api/admin/tasks?limit=100 → 200 (283ms, 73159B)
[2026-05-24T08:38:09.414Z] GET http://localhost:3000/api/admin/payments → 200 (208ms, 43987B)
[2026-05-24T08:38:09.414Z] GET http://localhost:3000/api/admin/agents → 200 (198ms, 28322B)
[2026-05-24T08:38:17.412Z] GET http://localhost:3000/api/admin/overview → 200 (177ms, 10490B)
[2026-05-24T08:38:17.412Z] GET http://localhost:3000/api/admin/tasks?limit=100 → 200 (295ms, 73159B)
[2026-05-24T08:38:17.412Z] GET http://localhost:3000/api/admin/payments → 200 (183ms, 43987B)
[2026-05-24T08:38:17.412Z] GET http://localhost:3000/api/admin/agents → 200 (179ms, 28322B)
[2026-05-24T08:38:25.412Z] GET http://localhost:3000/api/admin/overview → 200 (241ms, 10490B)
[2026-05-24T08:38:25.412Z] GET http://localhost:3000/api/admin/tasks?limit=100 → 200 (267ms, 73159B)
[2026-05-24T08:38:25.412Z] GET http://localhost:3000/api/admin/payments → 200 (244ms, 43987B)
[2026-05-24T08:38:25.412Z] GET http://localhost:3000/api/admin/agents → 200 (246ms, 28322B)
[2026-05-24T08:38:33.412Z] GET http://localhost:3000/api/admin/overview → 200 (240ms, 10490B)
[2026-05-24T08:38:33.412Z] GET http://localhost:3000/api/admin/tasks?limit=100 → 200 (325ms, 73159B)
[2026-05-24T08:38:33.412Z] GET http://localhost:3000/api/admin/payments → 200 (259ms, 43987B)
[2026-05-24T08:38:33.412Z] GET http://localhost:3000/api/admin/agents → 200 (252ms, 28322B)
[2026-05-24T08:38:41.413Z] GET http://localhost:3000/api/admin/overview → 200 (241ms, 10490B)
[2026-05-24T08:38:41.413Z] GET http://localhost:3000/api/admin/tasks?limit=100 → 200 (496ms, 73159B)
[2026-05-24T08:38:41.413Z] GET http://localhost:3000/api/admin/payments → 200 (187ms, 43987B)
[2026-05-24T08:38:41.413Z] GET http://localhost:3000/api/admin/agents → 200 (184ms, 28322B)
[2026-05-24T08:38:49.413Z] GET http://localhost:3000/api/admin/overview → 200 (375ms, 10490B)
[2026-05-24T08:38:49.413Z] GET http://localhost:3000/api/admin/tasks?limit=100 → 200 (359ms, 73159B)
[2026-05-24T08:38:49.413Z] GET http://localhost:3000/api/admin/payments → 200 (209ms, 43987B)
[2026-05-24T08:38:49.413Z] GET http://localhost:3000/api/admin/agents → 200 (202ms, 28322B)
[2026-05-24T08:38:57.411Z] GET http://localhost:3000/api/admin/overview → pending (?ms, ?B)
[2026-05-24T08:38:57.411Z] GET http://localhost:3000/api/admin/tasks?limit=100 → pending (?ms, ?B)
[2026-05-24T08:38:57.411Z] GET http://localhost:3000/api/admin/payments → pending (?ms, ?B)
[2026-05-24T08:38:57.411Z] GET http://localhost:3000/api/admin/agents → pending (?ms, ?B)
[2026-05-24T08:39:00.490Z] GET http://localhost:3000/_next/static/webpack/47b0620c2fee77e7.webpack.hot-update.json → 200 (137ms, 44B)
[2026-05-24T08:39:00.628Z] GET http://localhost:3000/_next/static/webpack/app/layout.47b0620c2fee77e7.hot-update.js → 200 (228ms, 1795B)
[2026-05-24T08:39:00.628Z] GET http://localhost:3000/_next/static/webpack/webpack.47b0620c2fee77e7.hot-update.js → 200 (229ms, 1157B)
[2026-05-24T08:39:00.882Z] GET http://localhost:3000/admin?_rsc=HW2oFm9cWdp1e4Mc → 200 (185ms, 22464B)
[2026-05-24T08:39:01.080Z] GET http://localhost:3000/_next/static/css/app/layout.css?v=1779611941036 → 200 (9ms, 75829B)
[2026-05-24T08:39:05.413Z] GET http://localhost:3000/api/admin/overview → 200 (193ms, 10490B)
[2026-05-24T08:39:05.413Z] GET http://localhost:3000/api/admin/tasks?limit=100 → 200 (191ms, 73159B)
[2026-05-24T08:39:05.413Z] GET http://localhost:3000/api/admin/payments → 200 (202ms, 43987B)
[2026-05-24T08:39:05.413Z] GET http://localhost:3000/api/admin/agents → 200 (196ms, 28322B)
[2026-05-24T08:39:13.412Z] GET http://localhost:3000/api/admin/overview → 200 (294ms, 10490B)
[2026-05-24T08:39:13.412Z] GET http://localhost:3000/api/admin/tasks?limit=100 → 200 (365ms, 73159B)
[2026-05-24T08:39:13.412Z] GET http://localhost:3000/api/admin/payments → 200 (292ms, 43987B)
[2026-05-24T08:39:13.412Z] GET http://localhost:3000/api/admin/agents → 200 (285ms, 28322B)
[2026-05-24T08:39:21.411Z] GET http://localhost:3000/api/admin/overview → 200 (244ms, 10490B)
[2026-05-24T08:39:21.411Z] GET http://localhost:3000/api/admin/tasks?limit=100 → 200 (265ms, 73159B)
[2026-05-24T08:39:21.411Z] GET http://localhost:3000/api/admin/payments → 200 (192ms, 43987B)
[2026-05-24T08:39:21.411Z] GET http://localhost:3000/api/admin/agents → 200 (187ms, 28322B)
[2026-05-24T08:39:29.411Z] GET http://localhost:3000/api/admin/overview → 200 (208ms, 10490B)
[2026-05-24T08:39:29.411Z] GET http://localhost:3000/api/admin/tasks?limit=100 → 200 (212ms, 73159B)
[2026-05-24T08:39:29.411Z] GET http://localhost:3000/api/admin/payments → 200 (210ms, 43987B)
[2026-05-24T08:39:29.411Z] GET http://localhost:3000/api/admin/agents → 200 (207ms, 28322B)
[2026-05-24T08:39:37.411Z] GET http://localhost:3000/api/admin/overview → 200 (170ms, 10490B)
[2026-05-24T08:39:37.411Z] GET http://localhost:3000/api/admin/tasks?limit=100 → 200 (230ms, 73159B)
[2026-05-24T08:39:37.411Z] GET http://localhost:3000/api/admin/payments → 200 (241ms, 43987B)
[2026-05-24T08:39:37.411Z] GET http://localhost:3000/api/admin/agents → 200 (233ms, 28322B)
[2026-05-24T08:39:45.411Z] GET http://localhost:3000/api/admin/overview → 200 (191ms, 10490B)
[2026-05-24T08:39:45.411Z] GET http://localhost:3000/api/admin/tasks?limit=100 → 200 (299ms, 73159B)
[2026-05-24T08:39:45.411Z] GET http://localhost:3000/api/admin/payments → 200 (195ms, 43987B)
[2026-05-24T08:39:45.412Z] GET http://localhost:3000/api/admin/agents → 200 (179ms, 28322B)
[2026-05-24T08:39:53.411Z] GET http://localhost:3000/api/admin/overview → 200 (150ms, 10490B)
[2026-05-24T08:39:53.411Z] GET http://localhost:3000/api/admin/tasks?limit=100 → 200 (324ms, 73159B)
[2026-05-24T08:39:53.411Z] GET http://localhost:3000/api/admin/payments → 200 (206ms, 43987B)
[2026-05-24T08:39:53.411Z] GET http://localhost:3000/api/admin/agents → 200 (221ms, 28322B)
[2026-05-24T08:40:01.410Z] GET http://localhost:3000/api/admin/overview → pending (?ms, ?B)
[2026-05-24T08:40:01.410Z] GET http://localhost:3000/api/admin/tasks?limit=100 → pending (?ms, ?B)
[2026-05-24T08:40:01.411Z] GET http://localhost:3000/api/admin/payments → pending (?ms, ?B)
[2026-05-24T08:40:01.411Z] GET http://localhost:3000/api/admin/agents → pending (?ms, ?B)
[2026-05-24T08:40:03.242Z] GET http://localhost:3000/_next/static/webpack/f814254f6c98d9bc.webpack.hot-update.json → 200 (83ms, 44B)
[2026-05-24T08:40:03.326Z] GET http://localhost:3000/_next/static/webpack/app/layout.f814254f6c98d9bc.hot-update.js → 200 (184ms, 1795B)
[2026-05-24T08:40:03.326Z] GET http://localhost:3000/_next/static/webpack/webpack.f814254f6c98d9bc.hot-update.js → 200 (184ms, 1157B)
[2026-05-24T08:40:03.671Z] GET http://localhost:3000/admin?_rsc=HW2oFm9cWdp1e4Mc → 200 (205ms, 22463B)
[2026-05-24T08:40:03.884Z] GET http://localhost:3000/_next/static/css/app/layout.css?v=1779612003842 → 200 (9ms, 75829B)
[2026-05-24T08:40:08.246Z] GET http://localhost:3000/admin?_rsc=HW2oFm9cWdp1e4Mc → 200 (105ms, 22465B)
[2026-05-24T08:40:08.246Z] GET http://localhost:3000/_next/static/webpack/8455614c0e266820.webpack.hot-update.json → 200 (17ms, 44B)
[2026-05-24T08:40:08.264Z] GET http://localhost:3000/_next/static/webpack/app/layout.8455614c0e266820.hot-update.js → 200 (95ms, 1795B)
[2026-05-24T08:40:08.264Z] GET http://localhost:3000/_next/static/webpack/webpack.8455614c0e266820.hot-update.js → 200 (95ms, 1157B)
[2026-05-24T08:40:08.362Z] GET http://localhost:3000/_next/static/css/app/layout.css?v=1779612008309 → 200 (10ms, 75829B)
[2026-05-24T08:40:09.411Z] GET http://localhost:3000/api/admin/overview → 200 (390ms, 10490B)
[2026-05-24T08:40:09.412Z] GET http://localhost:3000/api/admin/tasks?limit=100 → 200 (457ms, 73159B)
[2026-05-24T08:40:09.412Z] GET http://localhost:3000/api/admin/payments → 200 (345ms, 43987B)
[2026-05-24T08:40:09.412Z] GET http://localhost:3000/api/admin/agents → 200 (482ms, 28322B)
[2026-05-24T08:40:17.422Z] GET http://localhost:3000/api/admin/overview → 200 (444ms, 10490B)
[2026-05-24T08:40:17.422Z] GET http://localhost:3000/api/admin/tasks?limit=100 → pending (?ms, ?B)
[2026-05-24T08:40:17.422Z] GET http://localhost:3000/api/admin/payments → 200 (639ms, 43987B)
[2026-05-24T08:40:17.422Z] GET http://localhost:3000/api/admin/agents → 200 (736ms, 28322B)
[2026-05-24T08:40:17.618Z] GET http://localhost:3000/admin?_rsc=HW2oFm9cWdp1e4Mc → 200 (212ms, 22464B)
[2026-05-24T08:40:17.618Z] GET http://localhost:3000/_next/static/webpack/46d2007359cb3777.webpack.hot-update.json → 200 (28ms, 61B)
[2026-05-24T08:40:17.646Z] GET http://localhost:3000/_next/static/webpack/app/layout.46d2007359cb3777.hot-update.js → 200 (189ms, 1795B)
[2026-05-24T08:40:17.646Z] GET http://localhost:3000/_next/static/webpack/app/admin/page.46d2007359cb3777.hot-update.js → 200 (196ms, 25735B)
[2026-05-24T08:40:17.646Z] GET http://localhost:3000/_next/static/webpack/webpack.46d2007359cb3777.hot-update.js → 200 (202ms, 1157B)
[2026-05-24T08:40:17.866Z] GET http://localhost:3000/_next/static/css/app/layout.css?v=1779612017791 → 200 (4ms, 75829B)
[2026-05-24T08:40:25.435Z] GET http://localhost:3000/api/admin/overview → 200 (316ms, 10490B)
[2026-05-24T08:40:25.435Z] GET http://localhost:3000/api/admin/tasks?limit=100 → 200 (392ms, 73159B)
[2026-05-24T08:40:25.435Z] GET http://localhost:3000/api/admin/payments → 200 (314ms, 43987B)
[2026-05-24T08:40:25.435Z] GET http://localhost:3000/api/admin/agents → 200 (307ms, 28322B)
[2026-05-24T08:40:33.443Z] GET http://localhost:3000/api/admin/overview → 200 (279ms, 10490B)
[2026-05-24T08:40:33.443Z] GET http://localhost:3000/api/admin/tasks?limit=100 → 200 (284ms, 73159B)
[2026-05-24T08:40:33.443Z] GET http://localhost:3000/api/admin/payments → 200 (370ms, 43987B)
[2026-05-24T08:40:33.443Z] GET http://localhost:3000/api/admin/agents → 200 (282ms, 28322B)
[2026-05-24T08:40:40.925Z] GET http://localhost:3000/admin?_rsc=HW2oFm9cWdp1e4Mc → 200 (88ms, 22464B)
[2026-05-24T08:40:40.925Z] GET http://localhost:3000/_next/static/webpack/efdcb4a253dbcb66.webpack.hot-update.json → 200 (13ms, 61B)
[2026-05-24T08:40:40.938Z] GET http://localhost:3000/_next/static/webpack/app/layout.efdcb4a253dbcb66.hot-update.js → 200 (83ms, 1795B)
[2026-05-24T08:40:40.938Z] GET http://localhost:3000/_next/static/webpack/app/admin/page.efdcb4a253dbcb66.hot-update.js → 200 (84ms, 145167B)
[2026-05-24T08:40:40.938Z] GET http://localhost:3000/_next/static/webpack/webpack.efdcb4a253dbcb66.hot-update.js → 200 (82ms, 1157B)
[2026-05-24T08:40:41.040Z] GET http://localhost:3000/_next/static/css/app/layout.css?v=1779612040980 → 200 (?ms, 75829B)
[2026-05-24T08:40:41.446Z] GET http://localhost:3000/api/admin/overview → 200 (247ms, 10490B)
[2026-05-24T08:40:41.446Z] GET http://localhost:3000/api/admin/tasks?limit=100 → 200 (316ms, 73159B)
[2026-05-24T08:40:41.446Z] GET http://localhost:3000/api/admin/payments → 200 (244ms, 43987B)
[2026-05-24T08:40:41.446Z] GET http://localhost:3000/api/admin/agents → 200 (257ms, 28322B)
[2026-05-24T08:40:49.451Z] GET http://localhost:3000/api/admin/overview → 200 (226ms, 10490B)
[2026-05-24T08:40:49.451Z] GET http://localhost:3000/api/admin/tasks?limit=100 → 200 (292ms, 73159B)
[2026-05-24T08:40:49.451Z] GET http://localhost:3000/api/admin/payments → 200 (191ms, 43987B)
[2026-05-24T08:40:49.451Z] GET http://localhost:3000/api/admin/agents → 200 (180ms, 28322B)
[2026-05-24T08:40:57.452Z] GET http://localhost:3000/api/admin/overview → 200 (323ms, 10490B)
[2026-05-24T08:40:57.452Z] GET http://localhost:3000/api/admin/tasks?limit=100 → 200 (402ms, 73159B)
[2026-05-24T08:40:57.452Z] GET http://localhost:3000/api/admin/payments → 200 (290ms, 43987B)
[2026-05-24T08:40:57.453Z] GET http://localhost:3000/api/admin/agents → 200 (286ms, 28322B)
[2026-05-24T08:41:01.480Z] GET http://localhost:3000/_next/static/webpack/e174885dc931c747.webpack.hot-update.json → 200 (122ms, 31B)
[2026-05-24T08:41:01.602Z] GET http://localhost:3000/_next/static/webpack/webpack.e174885dc931c747.hot-update.js → 200 (261ms, 1157B)
[2026-05-24T08:41:02.751Z] GET http://localhost:3000/_next/static/webpack/2d608b267c94788d.webpack.hot-update.json → 200 (493ms, 31B)
[2026-05-24T08:41:03.245Z] GET http://localhost:3000/_next/static/webpack/webpack.2d608b267c94788d.hot-update.js → 200 (25ms, 1157B)
[2026-05-24T08:41:05.453Z] GET http://localhost:3000/api/admin/overview → 200 (405ms, 10490B)
[2026-05-24T08:41:05.453Z] GET http://localhost:3000/api/admin/tasks?limit=100 → 200 (461ms, 73159B)
[2026-05-24T08:41:05.454Z] GET http://localhost:3000/api/admin/payments → 200 (362ms, 43987B)
[2026-05-24T08:41:05.454Z] GET http://localhost:3000/api/admin/agents → 200 (358ms, 28322B)
[2026-05-24T08:41:07.262Z] GET http://localhost:3000/admin?_rsc=HW2oFm9cWdp1e4Mc → pending (?ms, ?B)
[2026-05-24T08:41:07.262Z] GET http://localhost:3000/_next/static/webpack/75c5bf01e2cd8b4b.webpack.hot-update.json → 200 (13ms, 44B)
[2026-05-24T08:41:07.276Z] GET http://localhost:3000/_next/static/webpack/app/layout.75c5bf01e2cd8b4b.hot-update.js → pending (?ms, ?B)
[2026-05-24T08:41:07.276Z] GET http://localhost:3000/_next/static/webpack/webpack.75c5bf01e2cd8b4b.hot-update.js → pending (?ms, ?B)
[2026-05-24T08:41:07.331Z] GET http://localhost:3000/_next/static/chunks/app/page.js → 200 (66ms, 4272049B)
[2026-05-24T08:41:07.332Z] GET http://localhost:3000/_next/static/css/app/layout.css?v=1779612067304 → 200 (9ms, 75829B)
[2026-05-24T08:41:13.454Z] GET http://localhost:3000/api/admin/overview → 200 (384ms, 10490B)
[2026-05-24T08:41:13.455Z] GET http://localhost:3000/api/admin/tasks?limit=100 → 200 (539ms, 73159B)
[2026-05-24T08:41:13.455Z] GET http://localhost:3000/api/admin/payments → 200 (352ms, 43987B)
[2026-05-24T08:41:13.455Z] GET http://localhost:3000/api/admin/agents → 200 (363ms, 28322B)
[2026-05-24T08:41:21.454Z] GET http://localhost:3000/api/admin/overview → 200 (205ms, 10490B)
[2026-05-24T08:41:21.454Z] GET http://localhost:3000/api/admin/tasks?limit=100 → 200 (273ms, 73159B)
[2026-05-24T08:41:21.454Z] GET http://localhost:3000/api/admin/payments → 200 (225ms, 43987B)
[2026-05-24T08:41:21.454Z] GET http://localhost:3000/api/admin/agents → 200 (203ms, 28322B)
[2026-05-24T08:41:29.455Z] GET http://localhost:3000/api/admin/overview → 200 (195ms, 10490B)
[2026-05-24T08:41:29.455Z] GET http://localhost:3000/api/admin/tasks?limit=100 → 200 (275ms, 73159B)
[2026-05-24T08:41:29.455Z] GET http://localhost:3000/api/admin/payments → 200 (272ms, 43987B)
[2026-05-24T08:41:29.455Z] GET http://localhost:3000/api/admin/agents → 200 (269ms, 28322B)
[2026-05-24T08:41:35.060Z] GET http://localhost:3000/admin?_rsc=HW2oFm9cWdp1e4Mc → 200 (32ms, 22492B)
[2026-05-24T08:41:35.060Z] GET http://localhost:3000/_next/static/webpack/07e289864baafc50.webpack.hot-update.json → 200 (13ms, 44B)
[2026-05-24T08:41:35.074Z] GET http://localhost:3000/_next/static/webpack/app/layout.07e289864baafc50.hot-update.js → 200 (23ms, 1795B)
[2026-05-24T08:41:35.074Z] GET http://localhost:3000/_next/static/webpack/webpack.07e289864baafc50.hot-update.js → 200 (23ms, 1157B)
[2026-05-24T08:41:35.101Z] GET http://localhost:3000/_next/static/css/app/layout.css?v=1779612095086 → 200 (8ms, 75829B)
[2026-05-24T08:41:37.455Z] GET http://localhost:3000/api/admin/overview → 200 (320ms, 10490B)
[2026-05-24T08:41:37.455Z] GET http://localhost:3000/api/admin/tasks?limit=100 → 200 (343ms, 73159B)
[2026-05-24T08:41:37.455Z] GET http://localhost:3000/api/admin/payments → 200 (243ms, 43987B)
[2026-05-24T08:41:37.455Z] GET http://localhost:3000/api/admin/agents → 200 (253ms, 28322B)
[2026-05-24T08:41:45.455Z] GET http://localhost:3000/api/admin/overview → 200 (193ms, 10490B)
[2026-05-24T08:41:45.455Z] GET http://localhost:3000/api/admin/tasks?limit=100 → 200 (288ms, 73159B)
[2026-05-24T08:41:45.455Z] GET http://localhost:3000/api/admin/payments → 200 (200ms, 43987B)
[2026-05-24T08:41:45.455Z] GET http://localhost:3000/api/admin/agents → 200 (210ms, 28322B)
[2026-05-24T08:41:49.681Z] GET http://localhost:3000/_next/static/webpack/dd0d1290d1401926.webpack.hot-update.json → 200 (32ms, 62B)
[2026-05-24T08:41:49.713Z] GET http://localhost:3000/_next/static/webpack/app/layout.dd0d1290d1401926.hot-update.js → 200 (158ms, 1795B)
[2026-05-24T08:41:49.713Z] GET http://localhost:3000/_next/static/webpack/webpack.dd0d1290d1401926.hot-update.js → 200 (191ms, 1157B)
[2026-05-24T08:41:50.577Z] GET http://localhost:3000/admin?_rsc=HW2oFm9cWdp1e4Mc → 200 (63ms, ?B)
[2026-05-24T08:41:50.652Z] GET http://localhost:3000/_next/static/css/app/layout.css?v=1779612110623 → 200 (8ms, 75829B)
[2026-05-24T08:41:53.454Z] GET http://localhost:3000/api/admin/overview → 200 (225ms, 10490B)
[2026-05-24T08:41:53.454Z] GET http://localhost:3000/api/admin/tasks?limit=100 → 200 (314ms, 73159B)
[2026-05-24T08:41:53.454Z] GET http://localhost:3000/api/admin/payments → 200 (249ms, 43987B)
[2026-05-24T08:41:53.454Z] GET http://localhost:3000/api/admin/agents → 200 (232ms, 28322B)
[2026-05-24T08:42:01.456Z] GET http://localhost:3000/api/admin/overview → 200 (255ms, 10490B)
[2026-05-24T08:42:01.456Z] GET http://localhost:3000/api/admin/tasks?limit=100 → 200 (301ms, 73159B)
[2026-05-24T08:42:01.456Z] GET http://localhost:3000/api/admin/payments → 200 (257ms, 43987B)
[2026-05-24T08:42:01.456Z] GET http://localhost:3000/api/admin/agents → 200 (249ms, 28322B)
[2026-05-24T08:42:09.456Z] GET http://localhost:3000/api/admin/overview → 200 (244ms, 10490B)
[2026-05-24T08:42:09.456Z] GET http://localhost:3000/api/admin/tasks?limit=100 → 200 (323ms, 73159B)
[2026-05-24T08:42:09.456Z] GET http://localhost:3000/api/admin/payments → 200 (246ms, 43987B)
[2026-05-24T08:42:09.456Z] GET http://localhost:3000/api/admin/agents → 200 (235ms, 28322B)
[2026-05-24T08:42:17.455Z] GET http://localhost:3000/api/admin/overview → 200 (248ms, 10490B)
[2026-05-24T08:42:17.455Z] GET http://localhost:3000/api/admin/tasks?limit=100 → 200 (267ms, 73159B)
[2026-05-24T08:42:17.455Z] GET http://localhost:3000/api/admin/payments → 200 (260ms, 43987B)
[2026-05-24T08:42:17.455Z] GET http://localhost:3000/api/admin/agents → 200 (250ms, 28322B)
[2026-05-24T08:42:18.254Z] GET http://localhost:3000/_next/static/webpack/6c39f193684caa20.webpack.hot-update.json → 200 (83ms, 31B)
[2026-05-24T08:42:18.337Z] GET http://localhost:3000/_next/static/webpack/webpack.6c39f193684caa20.hot-update.js → pending (?ms, ?B)
[2026-05-24T08:42:25.455Z] GET http://localhost:3000/api/admin/overview → 200 (251ms, 10490B)
[2026-05-24T08:42:25.455Z] GET http://localhost:3000/api/admin/tasks?limit=100 → 200 (370ms, 73159B)
[2026-05-24T08:42:25.455Z] GET http://localhost:3000/api/admin/payments → 200 (263ms, 43987B)
[2026-05-24T08:42:25.455Z] GET http://localhost:3000/api/admin/agents → 200 (258ms, 28322B)
[2026-05-24T08:42:33.456Z] GET http://localhost:3000/api/admin/overview → 200 (241ms, 10490B)
[2026-05-24T08:42:33.456Z] GET http://localhost:3000/api/admin/tasks?limit=100 → 200 (298ms, 73159B)
[2026-05-24T08:42:33.456Z] GET http://localhost:3000/api/admin/payments → 200 (240ms, 43987B)
[2026-05-24T08:42:33.456Z] GET http://localhost:3000/api/admin/agents → 200 (232ms, 28322B)
[2026-05-24T08:42:41.457Z] GET http://localhost:3000/api/admin/overview → 200 (248ms, 10490B)
[2026-05-24T08:42:41.457Z] GET http://localhost:3000/api/admin/tasks?limit=100 → 200 (254ms, 73159B)
[2026-05-24T08:42:41.457Z] GET http://localhost:3000/api/admin/payments → 200 (252ms, 43987B)
[2026-05-24T08:42:41.457Z] GET http://localhost:3000/api/admin/agents → 200 (244ms, 28322B)
[2026-05-24T08:42:49.455Z] GET http://localhost:3000/api/admin/overview → 200 (272ms, 10490B)
[2026-05-24T08:42:49.455Z] GET http://localhost:3000/api/admin/tasks?limit=100 → 200 (286ms, 73159B)
[2026-05-24T08:42:49.455Z] GET http://localhost:3000/api/admin/payments → 200 (211ms, 43987B)
[2026-05-24T08:42:49.455Z] GET http://localhost:3000/api/admin/agents → 200 (215ms, 28322B)
[2026-05-24T08:42:57.456Z] GET http://localhost:3000/api/admin/overview → 200 (195ms, 10490B)
[2026-05-24T08:42:57.456Z] GET http://localhost:3000/api/admin/tasks?limit=100 → 200 (275ms, 73159B)
[2026-05-24T08:42:57.456Z] GET http://localhost:3000/api/admin/payments → 200 (208ms, 43987B)
[2026-05-24T08:42:57.456Z] GET http://localhost:3000/api/admin/agents → 200 (200ms, 28322B)
[2026-05-24T08:43:05.458Z] GET http://localhost:3000/api/admin/overview → 200 (216ms, 10490B)
[2026-05-24T08:43:05.458Z] GET http://localhost:3000/api/admin/tasks?limit=100 → 200 (312ms, 73159B)
[2026-05-24T08:43:05.458Z] GET http://localhost:3000/api/admin/payments → 200 (219ms, 43987B)
[2026-05-24T08:43:05.458Z] GET http://localhost:3000/api/admin/agents → 200 (215ms, 28322B)
[2026-05-24T08:43:13.456Z] GET http://localhost:3000/api/admin/overview → 200 (296ms, 10490B)
[2026-05-24T08:43:13.456Z] GET http://localhost:3000/api/admin/tasks?limit=100 → 200 (312ms, 73159B)
[2026-05-24T08:43:13.456Z] GET http://localhost:3000/api/admin/payments → 200 (221ms, 43987B)
[2026-05-24T08:43:13.456Z] GET http://localhost:3000/api/admin/agents → 200 (219ms, 28322B)
[2026-05-24T08:43:21.456Z] GET http://localhost:3000/api/admin/overview → pending (?ms, ?B)
[2026-05-24T08:43:21.456Z] GET http://localhost:3000/api/admin/tasks?limit=100 → pending (?ms, ?B)
[2026-05-24T08:43:21.456Z] GET http://localhost:3000/api/admin/payments → pending (?ms, ?B)
[2026-05-24T08:43:21.456Z] GET http://localhost:3000/api/admin/agents → pending (?ms, ?B)
[2026-05-24T08:43:29.456Z] GET http://localhost:3000/api/admin/overview → pending (?ms, ?B)
[2026-05-24T08:43:29.456Z] GET http://localhost:3000/api/admin/tasks?limit=100 → pending (?ms, ?B)
[2026-05-24T08:43:29.457Z] GET http://localhost:3000/api/admin/payments → pending (?ms, ?B)
[2026-05-24T08:43:29.457Z] GET http://localhost:3000/api/admin/agents → pending (?ms, ?B)
[2026-05-24T08:43:37.456Z] GET http://localhost:3000/api/admin/overview → pending (?ms, ?B)
[2026-05-24T08:43:37.456Z] GET http://localhost:3000/api/admin/tasks?limit=100 → pending (?ms, ?B)
[2026-05-24T08:43:37.456Z] GET http://localhost:3000/api/admin/payments → pending (?ms, ?B)
[2026-05-24T08:43:37.456Z] GET http://localhost:3000/api/admin/agents → pending (?ms, ?B)
[2026-05-24T08:43:45.455Z] GET http://localhost:3000/api/admin/overview → pending (?ms, ?B)
[2026-05-24T08:43:45.455Z] GET http://localhost:3000/api/admin/tasks?limit=100 → pending (?ms, ?B)
[2026-05-24T08:43:45.455Z] GET http://localhost:3000/api/admin/payments → pending (?ms, ?B)
[2026-05-24T08:43:45.455Z] GET http://localhost:3000/api/admin/agents → pending (?ms, ?B)
[2026-05-24T08:43:52.767Z] GET http://localhost:3000/admin?_rsc=HW2oFm9cWdp1e4Mc → 200 (107ms, 22459B)
[2026-05-24T08:43:52.767Z] GET http://localhost:3000/_next/static/webpack/ce682381a8d0ba14.webpack.hot-update.json → 200 (17ms, 624B)
[2026-05-24T08:43:52.784Z] GET http://localhost:3000/_next/static/webpack/app/layout.ce682381a8d0ba14.hot-update.js → 200 (97ms, 1795B)
[2026-05-24T08:43:52.784Z] GET http://localhost:3000/_next/static/webpack/webpack.ce682381a8d0ba14.hot-update.js → 200 (97ms, 1157B)
[2026-05-24T08:43:52.884Z] GET http://localhost:3000/_next/static/css/app/layout.css?v=1779612232835 → 200 (9ms, 75829B)
[2026-05-24T08:43:53.456Z] GET http://localhost:3000/api/admin/overview → pending (?ms, ?B)
[2026-05-24T08:43:53.456Z] GET http://localhost:3000/api/admin/tasks?limit=100 → pending (?ms, ?B)
[2026-05-24T08:43:53.456Z] GET http://localhost:3000/api/admin/payments → pending (?ms, ?B)
[2026-05-24T08:43:53.456Z] GET http://localhost:3000/api/admin/agents → pending (?ms, ?B)
[2026-05-24T08:44:01.457Z] GET http://localhost:3000/api/admin/overview → pending (?ms, ?B)
[2026-05-24T08:44:01.457Z] GET http://localhost:3000/api/admin/tasks?limit=100 → pending (?ms, ?B)
[2026-05-24T08:44:01.457Z] GET http://localhost:3000/api/admin/payments → pending (?ms, ?B)
[2026-05-24T08:44:01.457Z] GET http://localhost:3000/api/admin/agents → pending (?ms, ?B)
[2026-05-24T08:44:09.457Z] GET http://localhost:3000/api/admin/overview → pending (?ms, ?B)
[2026-05-24T08:44:09.457Z] GET http://localhost:3000/api/admin/tasks?limit=100 → pending (?ms, ?B)
[2026-05-24T08:44:09.457Z] GET http://localhost:3000/api/admin/payments → pending (?ms, ?B)
[2026-05-24T08:44:09.458Z] GET http://localhost:3000/api/admin/agents → pending (?ms, ?B)
[2026-05-24T08:44:17.458Z] GET http://localhost:3000/api/admin/overview → pending (?ms, ?B)
[2026-05-24T08:44:17.458Z] GET http://localhost:3000/api/admin/tasks?limit=100 → pending (?ms, ?B)
[2026-05-24T08:44:17.458Z] GET http://localhost:3000/api/admin/payments → pending (?ms, ?B)
[2026-05-24T08:44:17.458Z] GET http://localhost:3000/api/admin/agents → pending (?ms, ?B)
[2026-05-24T08:44:25.457Z] GET http://localhost:3000/api/admin/overview → pending (?ms, ?B)
[2026-05-24T08:44:25.457Z] GET http://localhost:3000/api/admin/tasks?limit=100 → pending (?ms, ?B)
[2026-05-24T08:44:25.457Z] GET http://localhost:3000/api/admin/payments → pending (?ms, ?B)
[2026-05-24T08:44:25.458Z] GET http://localhost:3000/api/admin/agents → pending (?ms, ?B)
[2026-05-24T08:44:33.457Z] GET http://localhost:3000/api/admin/overview → pending (?ms, ?B)
[2026-05-24T08:44:33.457Z] GET http://localhost:3000/api/admin/tasks?limit=100 → pending (?ms, ?B)
[2026-05-24T08:44:33.457Z] GET http://localhost:3000/api/admin/payments → pending (?ms, ?B)
[2026-05-24T08:44:33.457Z] GET http://localhost:3000/api/admin/agents → pending (?ms, ?B)
[2026-05-24T08:44:41.460Z] GET http://localhost:3000/api/admin/overview → pending (?ms, ?B)
[2026-05-24T08:44:41.460Z] GET http://localhost:3000/api/admin/tasks?limit=100 → pending (?ms, ?B)
[2026-05-24T08:44:41.460Z] GET http://localhost:3000/api/admin/payments → pending (?ms, ?B)
[2026-05-24T08:44:41.460Z] GET http://localhost:3000/api/admin/agents → pending (?ms, ?B)
[2026-05-24T08:44:49.459Z] GET http://localhost:3000/api/admin/overview → pending (?ms, ?B)
[2026-05-24T08:44:49.459Z] GET http://localhost:3000/api/admin/tasks?limit=100 → pending (?ms, ?B)
[2026-05-24T08:44:49.459Z] GET http://localhost:3000/api/admin/payments → pending (?ms, ?B)
[2026-05-24T08:44:49.459Z] GET http://localhost:3000/api/admin/agents → pending (?ms, ?B)
[2026-05-24T08:44:57.457Z] GET http://localhost:3000/api/admin/overview → pending (?ms, ?B)
[2026-05-24T08:44:57.457Z] GET http://localhost:3000/api/admin/tasks?limit=100 → pending (?ms, ?B)
[2026-05-24T08:44:57.457Z] GET http://localhost:3000/api/admin/payments → pending (?ms, ?B)
[2026-05-24T08:44:57.457Z] GET http://localhost:3000/api/admin/agents → pending (?ms, ?B)
[2026-05-24T08:45:01.343Z] GET http://localhost:3000/_next/static/webpack/6ea7976c53fd2675.webpack.hot-update.json → 200 (30ms, 62B)
[2026-05-24T08:45:01.374Z] GET http://localhost:3000/_next/static/webpack/app/layout.6ea7976c53fd2675.hot-update.js → 200 (133ms, 1795B)
[2026-05-24T08:45:01.374Z] GET http://localhost:3000/_next/static/webpack/webpack.6ea7976c53fd2675.hot-update.js → 200 (134ms, 1157B)
[2026-05-24T08:45:02.236Z] GET http://localhost:3000/admin?_rsc=HW2oFm9cWdp1e4Mc → 200 (89ms, 22460B)
[2026-05-24T08:45:02.337Z] GET http://localhost:3000/_next/static/css/app/layout.css?v=1779612302294 → 200 (8ms, 75829B)
[2026-05-24T08:45:05.457Z] GET http://localhost:3000/api/admin/overview → pending (?ms, ?B)
[2026-05-24T08:45:05.457Z] GET http://localhost:3000/api/admin/tasks?limit=100 → pending (?ms, ?B)
[2026-05-24T08:45:05.457Z] GET http://localhost:3000/api/admin/payments → pending (?ms, ?B)
[2026-05-24T08:45:05.457Z] GET http://localhost:3000/api/admin/agents → pending (?ms, ?B)
[2026-05-24T08:45:13.457Z] GET http://localhost:3000/api/admin/overview → pending (?ms, ?B)
[2026-05-24T08:45:13.457Z] GET http://localhost:3000/api/admin/tasks?limit=100 → pending (?ms, ?B)
[2026-05-24T08:45:13.457Z] GET http://localhost:3000/api/admin/payments → pending (?ms, ?B)
[2026-05-24T08:45:13.457Z] GET http://localhost:3000/api/admin/agents → pending (?ms, ?B)
[2026-05-24T08:45:21.458Z] GET http://localhost:3000/api/admin/overview → pending (?ms, ?B)
[2026-05-24T08:45:21.458Z] GET http://localhost:3000/api/admin/tasks?limit=100 → pending (?ms, ?B)
[2026-05-24T08:45:21.458Z] GET http://localhost:3000/api/admin/payments → pending (?ms, ?B)
[2026-05-24T08:45:21.458Z] GET http://localhost:3000/api/admin/agents → pending (?ms, ?B)
[2026-05-24T08:45:29.457Z] GET http://localhost:3000/api/admin/overview → pending (?ms, ?B)
[2026-05-24T08:45:29.457Z] GET http://localhost:3000/api/admin/tasks?limit=100 → pending (?ms, ?B)
[2026-05-24T08:45:29.457Z] GET http://localhost:3000/api/admin/payments → pending (?ms, ?B)
[2026-05-24T08:45:29.457Z] GET http://localhost:3000/api/admin/agents → pending (?ms, ?B)
[2026-05-24T08:45:37.458Z] GET http://localhost:3000/api/admin/overview → pending (?ms, ?B)
[2026-05-24T08:45:37.458Z] GET http://localhost:3000/api/admin/tasks?limit=100 → pending (?ms, ?B)
[2026-05-24T08:45:37.458Z] GET http://localhost:3000/api/admin/payments → pending (?ms, ?B)
[2026-05-24T08:45:37.458Z] GET http://localhost:3000/api/admin/agents → pending (?ms, ?B)
[2026-05-24T08:45:45.458Z] GET http://localhost:3000/api/admin/overview → pending (?ms, ?B)
[2026-05-24T08:45:45.458Z] GET http://localhost:3000/api/admin/tasks?limit=100 → pending (?ms, ?B)
[2026-05-24T08:45:45.458Z] GET http://localhost:3000/api/admin/payments → pending (?ms, ?B)
[2026-05-24T08:45:45.458Z] GET http://localhost:3000/api/admin/agents → pending (?ms, ?B)
[2026-05-24T08:45:51.450Z] GET http://localhost:3000/_next/static/webpack/334f60e33aae6a12.webpack.hot-update.json → 200 (213ms, 31B)
[2026-05-24T08:45:51.664Z] GET http://localhost:3000/_next/static/webpack/webpack.334f60e33aae6a12.hot-update.js → 200 (10ms, 1157B)
[2026-05-24T08:45:53.457Z] GET http://localhost:3000/api/admin/overview → pending (?ms, ?B)
[2026-05-24T08:45:53.457Z] GET http://localhost:3000/api/admin/tasks?limit=100 → pending (?ms, ?B)
[2026-05-24T08:45:53.457Z] GET http://localhost:3000/api/admin/payments → pending (?ms, ?B)
[2026-05-24T08:45:53.457Z] GET http://localhost:3000/api/admin/agents → pending (?ms, ?B)
[2026-05-24T08:46:01.457Z] GET http://localhost:3000/api/admin/overview → pending (?ms, ?B)
[2026-05-24T08:46:01.457Z] GET http://localhost:3000/api/admin/tasks?limit=100 → pending (?ms, ?B)
[2026-05-24T08:46:01.457Z] GET http://localhost:3000/api/admin/payments → pending (?ms, ?B)
[2026-05-24T08:46:01.457Z] GET http://localhost:3000/api/admin/agents → pending (?ms, ?B)
[2026-05-24T08:46:09.456Z] GET http://localhost:3000/api/admin/overview → 200 (245ms, ?B)
[2026-05-24T08:46:09.456Z] GET http://localhost:3000/api/admin/tasks?limit=100 → pending (?ms, ?B)
[2026-05-24T08:46:09.456Z] GET http://localhost:3000/api/admin/payments → pending (?ms, ?B)
[2026-05-24T08:46:09.456Z] GET http://localhost:3000/api/admin/agents → 200 (243ms, 28322B)
[2026-05-24T08:46:17.457Z] GET http://localhost:3000/api/admin/overview → pending (?ms, ?B)
[2026-05-24T08:46:17.457Z] GET http://localhost:3000/api/admin/tasks?limit=100 → pending (?ms, ?B)
[2026-05-24T08:46:17.457Z] GET http://localhost:3000/api/admin/payments → 200 (249ms, 43987B)
[2026-05-24T08:46:17.457Z] GET http://localhost:3000/api/admin/agents → pending (?ms, ?B)
[2026-05-24T08:46:25.458Z] GET http://localhost:3000/api/admin/overview → pending (?ms, ?B)
[2026-05-24T08:46:25.459Z] GET http://localhost:3000/api/admin/tasks?limit=100 → pending (?ms, ?B)
[2026-05-24T08:46:25.459Z] GET http://localhost:3000/api/admin/payments → 200 (228ms, 43987B)
[2026-05-24T08:46:25.459Z] GET http://localhost:3000/api/admin/agents → 200 (224ms, 28322B)
[2026-05-24T08:46:33.457Z] GET http://localhost:3000/api/admin/overview → pending (?ms, ?B)
[2026-05-24T08:46:33.457Z] GET http://localhost:3000/api/admin/tasks?limit=100 → pending (?ms, ?B)
[2026-05-24T08:46:33.457Z] GET http://localhost:3000/api/admin/payments → pending (?ms, ?B)
[2026-05-24T08:46:33.457Z] GET http://localhost:3000/api/admin/agents → pending (?ms, ?B)
[2026-05-24T08:46:34.979Z] GET http://localhost:3000/admin?_rsc=HW2oFm9cWdp1e4Mc → pending (?ms, ?B)
[2026-05-24T08:46:34.979Z] GET http://localhost:3000/_next/static/webpack/f7f2d2de6efcfa3c.webpack.hot-update.json → 200 (127ms, 31B)
[2026-05-24T08:46:35.107Z] GET http://localhost:3000/_next/static/webpack/webpack.f7f2d2de6efcfa3c.hot-update.js → 200 (83ms, 1157B)
[2026-05-24T08:46:39.956Z] GET http://localhost:3000/admin?_rsc=HW2oFm9cWdp1e4Mc → pending (?ms, ?B)
[2026-05-24T08:46:41.438Z] GET http://localhost:3000/admin → pending (?ms, ?B)
[2026-05-24T08:46:41.455Z] GET http://localhost:3000/api/admin/overview → pending (?ms, ?B)
[2026-05-24T08:46:41.455Z] GET http://localhost:3000/api/admin/tasks?limit=100 → pending (?ms, ?B)
[2026-05-24T08:46:41.455Z] GET http://localhost:3000/api/admin/payments → pending (?ms, ?B)
[2026-05-24T08:46:41.455Z] GET http://localhost:3000/api/admin/agents → pending (?ms, ?B)
